[2022-06-23T12:52:54.182] [WARN] warningArchivo - bad password
[2022-06-23T12:53:46.286] [WARN] warningArchivo - user desn't exist
[2022-06-23T17:58:47.509] [WARN] warningArchivo - Ruta /pepe y Metodo GET no establecido
[2022-06-23T18:04:51.236] [WARN] warningArchivo - Ruta /pepe y Metodo GET no establecido
[2022-06-24T00:40:31.713] [WARN] warningArchivo - Ruta /options/env.js y Metodo GET no establecido
[2022-06-24T01:48:20.943] [WARN] warningArchivo - Ruta /robots.txt y Metodo GET no establecido
[2022-06-24T01:50:54.288] [WARN] warningArchivo - Ruta /options/env.js y Metodo GET no establecido
[2022-06-24T01:50:57.884] [WARN] warningArchivo - bad password
[2022-06-24T01:50:58.168] [WARN] warningArchivo - Ruta /options/env.js y Metodo GET no establecido
[2022-06-24T01:51:43.323] [WARN] warningArchivo - Ruta /options/env.js y Metodo GET no establecido
[2022-06-24T01:52:02.191] [WARN] warningArchivo - Ruta /robots.txt y Metodo GET no establecido
[2022-06-24T01:54:17.151] [WARN] warningArchivo - Ruta /options/env.js y Metodo GET no establecido
[2022-06-24T01:54:27.990] [WARN] warningArchivo - Ruta /options/env.js y Metodo GET no establecido
[2022-06-26T20:01:20.020] [WARN] warningArchivo - Ruta /favicon.ico y Metodo GET no establecido
[2022-06-26T20:01:50.268] [WARN] warningArchivo - Ruta /options/env.js y Metodo GET no establecido
[2022-06-26T20:51:19.446] [WARN] warningArchivo - Ruta /options/env.js y Metodo GET no establecido
[2022-06-26T20:51:24.234] [WARN] warningArchivo - Ruta /options/env.js y Metodo GET no establecido
[2022-06-28T10:24:56.714] [WARN] warningArchivo - Ruta /favicon.ico y Metodo GET no establecido
[2022-06-28T10:24:58.533] [WARN] warningArchivo - Ruta /options/env.js y Metodo GET no establecido
[2022-06-28T10:25:04.950] [WARN] warningArchivo - Ruta /options/env.js y Metodo GET no establecido
[2022-06-28T10:28:52.964] [WARN] warningArchivo - Ruta /options/env.js y Metodo GET no establecido
[2022-06-28T10:31:28.966] [WARN] warningArchivo - Ruta /options/env.js y Metodo GET no establecido
[2022-07-03T23:56:58.548] [WARN] warningArchivo - Ruta /favicon.ico y Metodo GET no establecido
[2022-07-03T23:57:05.275] [WARN] warningArchivo - Ruta /options/env.js y Metodo GET no establecido
[2022-07-04T00:02:25.287] [WARN] warningArchivo - Ruta /options/env.js y Metodo GET no establecido
[2022-07-04T00:09:01.009] [WARN] warningArchivo - Ruta /options/env.js y Metodo GET no establecido
[2022-07-04T00:13:01.881] [WARN] warningArchivo - Ruta /options/env.js y Metodo GET no establecido
[2022-07-04T00:20:39.424] [WARN] warningArchivo - Ruta /options/env.js y Metodo GET no establecido
[2022-07-04T00:32:20.551] [WARN] warningArchivo - Ruta /options/env.js y Metodo GET no establecido
[2022-07-04T00:32:35.157] [WARN] warningArchivo - Ruta /options/env.js y Metodo GET no establecido
[2022-07-04T00:50:43.033] [WARN] warningArchivo - Ruta /options/env.js y Metodo GET no establecido
[2022-07-04T00:52:31.000] [WARN] warningArchivo - Ruta /options/env.js y Metodo GET no establecido
[2022-07-04T00:57:43.259] [WARN] warningArchivo - Ruta /options/env.js y Metodo GET no establecido
[2022-07-04T00:58:10.927] [WARN] warningArchivo - Ruta /undefined y Metodo GET no establecido
[2022-07-04T00:59:35.486] [WARN] warningArchivo - Ruta /options/env.js y Metodo GET no establecido
[2022-07-04T01:01:10.938] [WARN] warningArchivo - Ruta /options/env.js y Metodo GET no establecido
[2022-07-04T16:14:00.561] [WARN] warningArchivo - Ruta /favicon.ico y Metodo GET no establecido
[2022-07-04T16:14:03.626] [WARN] warningArchivo - Ruta /options/env.js y Metodo GET no establecido
[2022-07-04T16:16:04.625] [WARN] warningArchivo - Ruta /options/env.js y Metodo GET no establecido
[2022-07-04T16:17:00.649] [WARN] warningArchivo - Ruta /index y Metodo GET no establecido
[2022-07-04T16:17:16.792] [WARN] warningArchivo - Ruta /index y Metodo GET no establecido
[2022-07-04T16:17:23.303] [WARN] warningArchivo - Ruta /options/env.js y Metodo GET no establecido
[2022-07-04T16:21:18.723] [WARN] warningArchivo - Ruta /options/env.js y Metodo GET no establecido
[2022-07-04T18:20:46.160] [WARN] warningArchivo - Ruta /options/env.js y Metodo GET no establecido
[2022-07-04T18:21:55.503] [WARN] warningArchivo - Ruta /options/env.js y Metodo GET no establecido
[2022-07-04T18:29:48.847] [WARN] warningArchivo - Ruta /options/env.js y Metodo GET no establecido
[2022-07-04T18:33:00.558] [WARN] warningArchivo - Ruta /options/env.js y Metodo GET no establecido
[2022-07-04T18:34:09.392] [WARN] warningArchivo - Ruta /options/env.js y Metodo GET no establecido
[2022-07-04T18:34:20.001] [WARN] warningArchivo - Ruta /options/env.js y Metodo GET no establecido
[2022-07-04T18:37:30.294] [WARN] warningArchivo - Ruta /options/env.js y Metodo GET no establecido
[2022-07-04T18:40:35.758] [WARN] warningArchivo - Ruta /options/env.js y Metodo GET no establecido
[2022-07-04T18:41:58.135] [WARN] warningArchivo - Ruta /options/env.js y Metodo GET no establecido
[2022-07-04T18:46:11.704] [WARN] warningArchivo - Ruta /options/env.js y Metodo GET no establecido
[2022-07-04T18:50:34.704] [WARN] warningArchivo - Ruta /options/env.js y Metodo GET no establecido
[2022-07-04T18:52:00.569] [WARN] warningArchivo - Ruta /options/env.js y Metodo GET no establecido
[2022-07-04T18:52:03.591] [WARN] warningArchivo - Ruta /options/env.js y Metodo GET no establecido
[2022-07-04T18:53:27.178] [WARN] warningArchivo - Ruta /options/env.js y Metodo GET no establecido
[2022-07-04T22:25:59.631] [WARN] warningArchivo - Ruta /options/env.js y Metodo GET no establecido
[2022-07-05T09:57:12.087] [WARN] warningArchivo - Ruta /options/env.js y Metodo GET no establecido
[2022-07-05T09:57:12.195] [WARN] warningArchivo - Ruta /favicon.ico y Metodo GET no establecido
[2022-07-05T09:59:45.544] [WARN] warningArchivo - Ruta /options/env.js y Metodo GET no establecido
[2022-07-05T10:19:15.371] [WARN] warningArchivo - Ruta /options/env.js y Metodo GET no establecido
[2022-07-05T10:49:45.579] [WARN] warningArchivo - Ruta /options/env.js y Metodo GET no establecido
[2022-07-05T10:53:04.708] [WARN] warningArchivo - Ruta /options/env.js y Metodo GET no establecido
[2022-07-05T11:06:54.248] [WARN] warningArchivo - Ruta /options/env.js y Metodo GET no establecido
[2022-07-05T11:08:45.283] [WARN] warningArchivo - Ruta /options/env.js y Metodo GET no establecido
[2022-07-05T11:08:47.098] [WARN] warningArchivo - Ruta /options/env.js y Metodo GET no establecido
[2022-07-05T11:08:52.657] [WARN] warningArchivo - Ruta /public/index.js y Metodo GET no establecido
[2022-07-05T11:11:29.582] [WARN] warningArchivo - Ruta /options/env.js y Metodo GET no establecido
[2022-07-05T11:11:38.496] [WARN] warningArchivo - Ruta /public/index.js y Metodo GET no establecido
[2022-07-05T11:13:34.152] [WARN] warningArchivo - Ruta /options/env.js y Metodo GET no establecido
[2022-07-05T11:13:40.923] [WARN] warningArchivo - Ruta /public/index.js y Metodo GET no establecido
[2022-07-05T11:13:50.124] [WARN] warningArchivo - Ruta /public/main.js y Metodo GET no establecido
[2022-07-05T11:14:02.292] [WARN] warningArchivo - Ruta /public/index.js y Metodo GET no establecido
[2022-07-05T11:14:58.990] [WARN] warningArchivo - Ruta /options/env.js y Metodo GET no establecido
[2022-07-05T11:15:03.358] [WARN] warningArchivo - Ruta /public/index.js y Metodo GET no establecido
[2022-07-05T11:17:33.168] [WARN] warningArchivo - Ruta /options/env.js y Metodo GET no establecido
[2022-07-05T11:46:31.500] [WARN] warningArchivo - Ruta /options/env.js y Metodo GET no establecido
[2022-07-05T11:47:35.343] [WARN] warningArchivo - Ruta /public/main.js y Metodo GET no establecido
[2022-07-05T11:47:43.677] [WARN] warningArchivo - Ruta /options/env.js y Metodo GET no establecido
[2022-07-05T11:49:30.806] [WARN] warningArchivo - Ruta /options/env.js y Metodo GET no establecido
[2022-07-05T11:50:35.279] [WARN] warningArchivo - Ruta /options/env.js y Metodo GET no establecido
[2022-07-05T11:56:43.421] [WARN] warningArchivo - Ruta /options/env.js y Metodo GET no establecido
[2022-07-05T11:57:51.676] [WARN] warningArchivo - Ruta /options/env.js y Metodo GET no establecido
[2022-07-05T11:59:18.758] [WARN] warningArchivo - Ruta /options/env.js y Metodo GET no establecido
[2022-07-05T12:00:50.824] [WARN] warningArchivo - Ruta /options/env.js y Metodo GET no establecido
[2022-07-05T12:09:03.052] [WARN] warningArchivo - Ruta /options/env.js y Metodo GET no establecido
[2022-07-05T12:12:18.669] [WARN] warningArchivo - Ruta /options/env.js y Metodo GET no establecido
[2022-07-05T12:15:04.860] [WARN] warningArchivo - Ruta /options/env.js y Metodo GET no establecido
[2022-07-05T12:15:50.219] [WARN] warningArchivo - Ruta /options/env.js y Metodo GET no establecido
[2022-07-05T12:17:03.558] [WARN] warningArchivo - Ruta /options/env.js y Metodo GET no establecido
[2022-07-05T12:57:05.943] [WARN] warningArchivo - Ruta /options/env.js y Metodo GET no establecido
[2022-07-05T12:58:34.964] [WARN] warningArchivo - Ruta /options/env.js y Metodo GET no establecido
[2022-07-05T13:01:20.276] [WARN] warningArchivo - Ruta /options/env.js y Metodo GET no establecido
[2022-07-05T13:01:51.758] [WARN] warningArchivo - Ruta /options/env.js y Metodo GET no establecido
[2022-07-05T13:13:16.322] [WARN] warningArchivo - Ruta /options/env.js y Metodo GET no establecido
[2022-07-05T14:45:34.514] [WARN] warningArchivo - Ruta /options/env.js y Metodo GET no establecido
[2022-07-05T15:22:07.473] [WARN] warningArchivo - Ruta /options/env.js y Metodo GET no establecido
[2022-07-05T15:33:23.490] [WARN] warningArchivo - Ruta /options/env.js y Metodo GET no establecido
[2022-07-05T15:50:28.575] [WARN] warningArchivo - Ruta /options/env.js y Metodo GET no establecido
[2022-07-05T15:50:46.212] [WARN] warningArchivo - Ruta /options/env.js y Metodo GET no establecido
[2022-07-05T15:51:10.150] [WARN] warningArchivo - Ruta /options/env.js y Metodo GET no establecido
[2022-07-05T17:07:06.517] [WARN] warningArchivo - Ruta /options/env.js y Metodo GET no establecido
[2022-07-05T18:47:51.775] [WARN] warningArchivo - Ruta /options/env.js y Metodo GET no establecido
[2022-07-05T21:14:55.385] [WARN] warningArchivo - Ruta /options/env.js y Metodo GET no establecido
[2022-07-05T21:53:29.744] [WARN] warningArchivo - Ruta /favicon.ico y Metodo GET no establecido
[2022-07-05T22:56:19.330] [WARN] warningArchivo - Ruta /options/env.js y Metodo GET no establecido
[2022-07-06T10:53:09.519] [WARN] warningArchivo - Ruta /favicon.ico y Metodo GET no establecido
[2022-07-06T10:53:11.213] [WARN] warningArchivo - Ruta /options/env.js y Metodo GET no establecido
[2022-07-06T10:53:14.400] [WARN] warningArchivo - user desn't exist
[2022-07-06T10:53:14.489] [WARN] warningArchivo - Ruta /options/env.js y Metodo GET no establecido
[2022-07-06T10:53:20.052] [WARN] warningArchivo - user desn't exist
[2022-07-06T10:53:20.112] [WARN] warningArchivo - Ruta /options/env.js y Metodo GET no establecido
[2022-07-06T10:54:28.604] [WARN] warningArchivo - Ruta /options/env.js y Metodo GET no establecido
[2022-07-06T10:54:31.942] [WARN] warningArchivo - user desn't exist
[2022-07-06T10:54:32.004] [WARN] warningArchivo - Ruta /options/env.js y Metodo GET no establecido
[2022-07-06T11:02:00.681] [WARN] warningArchivo - Ruta /options/env.js y Metodo GET no establecido
[2022-07-06T11:02:14.018] [WARN] warningArchivo - Ruta /options/env.js y Metodo GET no establecido
[2022-07-06T11:03:04.417] [WARN] warningArchivo - Ruta /public/main.js y Metodo GET no establecido
[2022-07-06T11:03:32.479] [WARN] warningArchivo - Ruta /public/main.js y Metodo GET no establecido
[2022-07-06T11:03:35.648] [WARN] warningArchivo - Ruta /public/main.js y Metodo GET no establecido
[2022-07-06T11:13:38.528] [WARN] warningArchivo - Ruta /options/env.js y Metodo GET no establecido
[2022-07-07T09:27:03.760] [WARN] warningArchivo - Ruta /favicon.ico y Metodo GET no establecido
[2022-07-07T09:39:42.117] [WARN] warningArchivo - Ruta /options/env.js y Metodo GET no establecido
[2022-07-07T09:39:56.523] [WARN] warningArchivo - Ruta /logout y Metodo GET no establecido
[2022-07-07T09:40:17.333] [WARN] warningArchivo - Ruta /logout y Metodo GET no establecido
[2022-07-07T09:46:01.233] [WARN] warningArchivo - Ruta /options/env.js y Metodo GET no establecido
[2022-07-07T09:46:04.718] [WARN] warningArchivo - Ruta /login y Metodo POST no establecido
[2022-07-07T09:48:58.125] [WARN] warningArchivo - Ruta /options/env.js y Metodo GET no establecido
[2022-07-07T09:49:19.804] [WARN] warningArchivo - Ruta /login y Metodo POST no establecido
[2022-07-07T09:51:27.463] [WARN] warningArchivo - Ruta /login y Metodo POST no establecido
[2022-07-07T09:51:33.631] [WARN] warningArchivo - Ruta /options/env.js y Metodo GET no establecido
[2022-07-07T09:51:39.216] [WARN] warningArchivo - Ruta /login y Metodo POST no establecido
[2022-07-07T09:51:52.850] [WARN] warningArchivo - Ruta /login y Metodo POST no establecido
[2022-07-07T09:52:00.942] [WARN] warningArchivo - Ruta /options/env.js y Metodo GET no establecido
[2022-07-07T09:52:04.351] [WARN] warningArchivo - Ruta /login y Metodo POST no establecido
[2022-07-07T09:57:20.226] [WARN] warningArchivo - Ruta /options/env.js y Metodo GET no establecido
[2022-07-07T09:58:23.696] [WARN] warningArchivo - Ruta /public/main.js y Metodo GET no establecido
[2022-07-07T10:00:33.903] [WARN] warningArchivo - Ruta /options/env.js y Metodo GET no establecido
[2022-07-07T11:54:06.829] [WARN] warningArchivo - Ruta /options/env.js y Metodo GET no establecido
[2022-07-07T12:01:03.242] [WARN] warningArchivo - Ruta /options/env.js y Metodo GET no establecido
[2022-07-07T12:22:04.361] [WARN] warningArchivo - Ruta /options/env.js y Metodo GET no establecido
[2022-07-07T12:24:27.385] [WARN] warningArchivo - Ruta /options/env.js y Metodo GET no establecido
[2022-07-07T13:00:18.616] [WARN] warningArchivo - Ruta /options/env.js y Metodo GET no establecido
[2022-07-07T13:00:23.639] [WARN] warningArchivo - Ruta /options/env.js y Metodo GET no establecido
[2022-07-07T15:50:31.346] [WARN] warningArchivo - Ruta /options/env.js y Metodo GET no establecido
[2022-07-07T15:52:51.259] [WARN] warningArchivo - Ruta /options/env.js y Metodo GET no establecido
[2022-07-07T15:53:11.325] [WARN] warningArchivo - Ruta /options/env.js y Metodo GET no establecido
[2022-07-07T16:05:21.692] [WARN] warningArchivo - Ruta /options/env.js y Metodo GET no establecido
[2022-07-07T16:12:20.113] [WARN] warningArchivo - Ruta /options/env.js y Metodo GET no establecido
[2022-07-07T16:17:39.661] [WARN] warningArchivo - Ruta /options/env.js y Metodo GET no establecido
[2022-07-07T16:43:13.925] [WARN] warningArchivo - Ruta /options/env.js y Metodo GET no establecido
[2022-07-07T17:32:44.577] [WARN] warningArchivo - Ruta /options/env.js y Metodo GET no establecido
[2022-07-07T17:32:54.698] [WARN] warningArchivo - Ruta /options/env.js y Metodo GET no establecido
[2022-07-07T17:34:47.553] [WARN] warningArchivo - Ruta /options/env.js y Metodo GET no establecido
[2022-07-07T17:37:20.599] [WARN] warningArchivo - Ruta /options/env.js y Metodo GET no establecido
[2022-07-07T17:39:25.166] [WARN] warningArchivo - Ruta /options/env.js y Metodo GET no establecido
[2022-07-07T17:40:18.362] [WARN] warningArchivo - Ruta /options/env.js y Metodo GET no establecido
[2022-07-07T17:42:31.585] [WARN] warningArchivo - Ruta /options/env.js y Metodo GET no establecido
[2022-07-07T17:43:50.444] [WARN] warningArchivo - Ruta /options/env.js y Metodo GET no establecido
[2022-07-07T17:44:02.680] [WARN] warningArchivo - Ruta /options/env.js y Metodo GET no establecido
[2022-07-07T17:44:26.432] [WARN] warningArchivo - Ruta /options/env.js y Metodo GET no establecido
[2022-07-07T19:26:48.591] [WARN] warningArchivo - Ruta /options/env.js y Metodo GET no establecido
[2022-07-07T19:26:59.889] [WARN] warningArchivo - Ruta /options/env.js y Metodo GET no establecido
[2022-07-07T19:58:15.792] [WARN] warningArchivo - Ruta /options/env.js y Metodo GET no establecido
[2022-07-07T20:02:09.557] [WARN] warningArchivo - Ruta /options/env.js y Metodo GET no establecido
[2022-07-07T20:03:12.754] [WARN] warningArchivo - Ruta /options/env.js y Metodo GET no establecido
[2022-07-07T20:03:23.953] [WARN] warningArchivo - Ruta /options/env.js y Metodo GET no establecido
[2022-07-07T20:11:16.427] [WARN] warningArchivo - Ruta /options/env.js y Metodo GET no establecido
[2022-07-07T20:12:12.310] [WARN] warningArchivo - Ruta /options/env.js y Metodo GET no establecido
[2022-07-07T20:28:38.578] [WARN] warningArchivo - Ruta /options/env.js y Metodo GET no establecido
[2022-07-08T09:49:20.125] [WARN] warningArchivo - Ruta /favicon.ico y Metodo GET no establecido
[2022-07-08T09:52:30.428] [WARN] warningArchivo - Ruta /options/env.js y Metodo GET no establecido
[2022-07-08T09:54:43.160] [WARN] warningArchivo - Ruta /options/env.js y Metodo GET no establecido
[2022-07-08T10:40:10.866] [WARN] warningArchivo - Ruta /options/env.js y Metodo GET no establecido
[2022-07-08T16:09:51.226] [WARN] warningArchivo - Ruta /favicon.ico y Metodo GET no establecido
[2022-07-08T16:09:54.577] [WARN] warningArchivo - Ruta /options/env.js y Metodo GET no establecido
[2022-07-08T18:20:26.841] [WARN] warningArchivo - Ruta /options/env.js y Metodo GET no establecido
[2022-07-10T09:59:30.707] [WARN] warningArchivo - Ruta /favicon.ico y Metodo GET no establecido
[2022-07-10T09:59:32.098] [WARN] warningArchivo - Ruta /options/env.js y Metodo GET no establecido
[2022-07-10T10:34:46.619] [WARN] warningArchivo - Ruta /options/env.js y Metodo GET no establecido
[2022-07-10T11:11:19.968] [WARN] warningArchivo - Ruta /options/env.js y Metodo GET no establecido
[2022-07-10T11:20:49.460] [WARN] warningArchivo - Ruta /options/env.js y Metodo GET no establecido
[2022-07-10T22:48:02.305] [WARN] warningArchivo - Ruta /options/env.js y Metodo GET no establecido
[2022-07-10T23:15:31.164] [WARN] warningArchivo - Ruta /options/env.js y Metodo GET no establecido
[2022-07-11T10:32:19.761] [WARN] warningArchivo - Ruta /favicon.ico y Metodo GET no establecido
[2022-07-11T10:33:43.079] [WARN] warningArchivo - Ruta /options/env.js y Metodo GET no establecido
[2022-07-11T14:48:45.916] [WARN] warningArchivo - Ruta /options/env.js y Metodo GET no establecido
[2022-07-11T14:56:59.812] [WARN] warningArchivo - Ruta /options/env.js y Metodo GET no establecido
[2022-07-11T15:30:46.934] [WARN] warningArchivo - Ruta /options/env.js y Metodo GET no establecido
[2022-07-11T21:23:12.138] [WARN] warningArchivo - Ruta /options/env.js y Metodo GET no establecido
[2022-07-12T16:00:47.484] [WARN] warningArchivo - Ruta /favicon.ico y Metodo GET no establecido
[2022-07-12T16:00:50.362] [WARN] warningArchivo - Ruta /options/env.js y Metodo GET no establecido
[2022-07-12T16:06:41.272] [WARN] warningArchivo - Ruta /options/env.js y Metodo GET no establecido
[2022-07-13T12:54:04.846] [WARN] warningArchivo - Ruta /options/env.js y Metodo GET no establecido
[2022-07-13T14:10:20.486] [WARN] warningArchivo - Ruta /options/env.js y Metodo GET no establecido
[2022-07-14T00:10:27.484] [WARN] warningArchivo - Ruta /options/env.js y Metodo GET no establecido
[2022-07-14T00:31:29.382] [WARN] warningArchivo - Ruta /options/env.js y Metodo GET no establecido
[2022-07-14T09:38:39.212] [WARN] warningArchivo - Ruta /favicon.ico y Metodo GET no establecido
[2022-07-14T09:48:17.479] [WARN] warningArchivo - Ruta /options/env.js y Metodo GET no establecido
[2022-07-14T09:48:34.560] [WARN] warningArchivo - Ruta /options/env.js y Metodo GET no establecido
[2022-07-14T10:46:27.974] [WARN] warningArchivo - Ruta /options/env.js y Metodo GET no establecido
[2022-07-14T16:05:48.193] [WARN] warningArchivo - Ruta /options/env.js y Metodo GET no establecido
[2022-07-14T16:26:30.826] [WARN] warningArchivo - Ruta /HNAP1/ y Metodo GET no establecido
[2022-07-14T18:22:54.471] [WARN] warningArchivo - Ruta /options/env.js y Metodo GET no establecido
[2022-07-18T10:55:44.484] [WARN] warningArchivo - Ruta /favicon.ico y Metodo GET no establecido
[2022-07-18T10:55:45.854] [WARN] warningArchivo - Ruta /options/env.js y Metodo GET no establecido
[2022-07-18T11:25:12.254] [WARN] warningArchivo - Ruta /options/env.js y Metodo GET no establecido
[2022-07-18T11:25:39.861] [WARN] warningArchivo - Ruta /options/env.js y Metodo GET no establecido
[2022-07-18T11:28:11.038] [WARN] warningArchivo - Ruta /options/env.js y Metodo GET no establecido
[2022-07-18T11:35:22.512] [WARN] warningArchivo - Ruta /options/env.js y Metodo GET no establecido
[2022-07-18T11:36:10.624] [WARN] warningArchivo - Ruta /options/env.js y Metodo GET no establecido
[2022-07-18T11:39:02.934] [WARN] warningArchivo - Ruta /options/env.js y Metodo GET no establecido
[2022-07-18T17:05:58.773] [WARN] warningArchivo - Ruta /HNAP1/ y Metodo GET no establecido
