[2022-06-23T12:52:54.182] [WARN] warningArchivo - bad password
[2022-06-23T12:53:46.286] [WARN] warningArchivo - user desn't exist
[2022-06-23T17:58:47.509] [WARN] warningArchivo - Ruta /pepe y Metodo GET no establecido
[2022-06-23T18:04:51.236] [WARN] warningArchivo - Ruta /pepe y Metodo GET no establecido
[2022-06-24T00:40:31.713] [WARN] warningArchivo - Ruta /options/env.js y Metodo GET no establecido
[2022-06-24T01:48:20.943] [WARN] warningArchivo - Ruta /robots.txt y Metodo GET no establecido
[2022-06-24T01:50:54.288] [WARN] warningArchivo - Ruta /options/env.js y Metodo GET no establecido
[2022-06-24T01:50:57.884] [WARN] warningArchivo - bad password
[2022-06-24T01:50:58.168] [WARN] warningArchivo - Ruta /options/env.js y Metodo GET no establecido
[2022-06-24T01:51:43.323] [WARN] warningArchivo - Ruta /options/env.js y Metodo GET no establecido
[2022-06-24T01:52:02.191] [WARN] warningArchivo - Ruta /robots.txt y Metodo GET no establecido
[2022-06-24T01:54:17.151] [WARN] warningArchivo - Ruta /options/env.js y Metodo GET no establecido
[2022-06-24T01:54:27.990] [WARN] warningArchivo - Ruta /options/env.js y Metodo GET no establecido
[2022-06-26T20:01:20.020] [WARN] warningArchivo - Ruta /favicon.ico y Metodo GET no establecido
[2022-06-26T20:01:50.268] [WARN] warningArchivo - Ruta /options/env.js y Metodo GET no establecido
[2022-06-26T20:51:19.446] [WARN] warningArchivo - Ruta /options/env.js y Metodo GET no establecido
[2022-06-26T20:51:24.234] [WARN] warningArchivo - Ruta /options/env.js y Metodo GET no establecido
[2022-06-28T10:24:56.714] [WARN] warningArchivo - Ruta /favicon.ico y Metodo GET no establecido
[2022-06-28T10:24:58.533] [WARN] warningArchivo - Ruta /options/env.js y Metodo GET no establecido
[2022-06-28T10:25:04.950] [WARN] warningArchivo - Ruta /options/env.js y Metodo GET no establecido
[2022-06-28T10:28:52.964] [WARN] warningArchivo - Ruta /options/env.js y Metodo GET no establecido
[2022-06-28T10:31:28.966] [WARN] warningArchivo - Ruta /options/env.js y Metodo GET no establecido
[2022-07-03T23:56:58.548] [WARN] warningArchivo - Ruta /favicon.ico y Metodo GET no establecido
[2022-07-03T23:57:05.275] [WARN] warningArchivo - Ruta /options/env.js y Metodo GET no establecido
[2022-07-04T00:02:25.287] [WARN] warningArchivo - Ruta /options/env.js y Metodo GET no establecido
[2022-07-04T00:09:01.009] [WARN] warningArchivo - Ruta /options/env.js y Metodo GET no establecido
[2022-07-04T00:13:01.881] [WARN] warningArchivo - Ruta /options/env.js y Metodo GET no establecido
[2022-07-04T00:20:39.424] [WARN] warningArchivo - Ruta /options/env.js y Metodo GET no establecido
[2022-07-04T00:32:20.551] [WARN] warningArchivo - Ruta /options/env.js y Metodo GET no establecido
[2022-07-04T00:32:35.157] [WARN] warningArchivo - Ruta /options/env.js y Metodo GET no establecido
[2022-07-04T00:50:43.033] [WARN] warningArchivo - Ruta /options/env.js y Metodo GET no establecido
[2022-07-04T00:52:31.000] [WARN] warningArchivo - Ruta /options/env.js y Metodo GET no establecido
[2022-07-04T00:57:43.259] [WARN] warningArchivo - Ruta /options/env.js y Metodo GET no establecido
[2022-07-04T00:58:10.927] [WARN] warningArchivo - Ruta /undefined y Metodo GET no establecido
[2022-07-04T00:59:35.486] [WARN] warningArchivo - Ruta /options/env.js y Metodo GET no establecido
[2022-07-04T01:01:10.938] [WARN] warningArchivo - Ruta /options/env.js y Metodo GET no establecido
[2022-07-04T16:14:00.561] [WARN] warningArchivo - Ruta /favicon.ico y Metodo GET no establecido
[2022-07-04T16:14:03.626] [WARN] warningArchivo - Ruta /options/env.js y Metodo GET no establecido
[2022-07-04T16:16:04.625] [WARN] warningArchivo - Ruta /options/env.js y Metodo GET no establecido
[2022-07-04T16:17:00.649] [WARN] warningArchivo - Ruta /index y Metodo GET no establecido
[2022-07-04T16:17:16.792] [WARN] warningArchivo - Ruta /index y Metodo GET no establecido
[2022-07-04T16:17:23.303] [WARN] warningArchivo - Ruta /options/env.js y Metodo GET no establecido
[2022-07-04T16:21:18.723] [WARN] warningArchivo - Ruta /options/env.js y Metodo GET no establecido
[2022-07-04T18:20:46.160] [WARN] warningArchivo - Ruta /options/env.js y Metodo GET no establecido
[2022-07-04T18:21:55.503] [WARN] warningArchivo - Ruta /options/env.js y Metodo GET no establecido
[2022-07-04T18:29:48.847] [WARN] warningArchivo - Ruta /options/env.js y Metodo GET no establecido
[2022-07-04T18:33:00.558] [WARN] warningArchivo - Ruta /options/env.js y Metodo GET no establecido
[2022-07-04T18:34:09.392] [WARN] warningArchivo - Ruta /options/env.js y Metodo GET no establecido
[2022-07-04T18:34:20.001] [WARN] warningArchivo - Ruta /options/env.js y Metodo GET no establecido
[2022-07-04T18:37:30.294] [WARN] warningArchivo - Ruta /options/env.js y Metodo GET no establecido
[2022-07-04T18:40:35.758] [WARN] warningArchivo - Ruta /options/env.js y Metodo GET no establecido
[2022-07-04T18:41:58.135] [WARN] warningArchivo - Ruta /options/env.js y Metodo GET no establecido
[2022-07-04T18:46:11.704] [WARN] warningArchivo - Ruta /options/env.js y Metodo GET no establecido
[2022-07-04T18:50:34.704] [WARN] warningArchivo - Ruta /options/env.js y Metodo GET no establecido
[2022-07-04T18:52:00.569] [WARN] warningArchivo - Ruta /options/env.js y Metodo GET no establecido
[2022-07-04T18:52:03.591] [WARN] warningArchivo - Ruta /options/env.js y Metodo GET no establecido
[2022-07-04T18:53:27.178] [WARN] warningArchivo - Ruta /options/env.js y Metodo GET no establecido
[2022-07-04T22:25:59.631] [WARN] warningArchivo - Ruta /options/env.js y Metodo GET no establecido
[2022-07-05T09:57:12.087] [WARN] warningArchivo - Ruta /options/env.js y Metodo GET no establecido
[2022-07-05T09:57:12.195] [WARN] warningArchivo - Ruta /favicon.ico y Metodo GET no establecido
[2022-07-05T09:59:45.544] [WARN] warningArchivo - Ruta /options/env.js y Metodo GET no establecido
[2022-07-05T10:19:15.371] [WARN] warningArchivo - Ruta /options/env.js y Metodo GET no establecido
[2022-07-05T10:49:45.579] [WARN] warningArchivo - Ruta /options/env.js y Metodo GET no establecido
[2022-07-05T10:53:04.708] [WARN] warningArchivo - Ruta /options/env.js y Metodo GET no establecido
[2022-07-05T11:06:54.248] [WARN] warningArchivo - Ruta /options/env.js y Metodo GET no establecido
[2022-07-05T11:08:45.283] [WARN] warningArchivo - Ruta /options/env.js y Metodo GET no establecido
[2022-07-05T11:08:47.098] [WARN] warningArchivo - Ruta /options/env.js y Metodo GET no establecido
[2022-07-05T11:08:52.657] [WARN] warningArchivo - Ruta /public/index.js y Metodo GET no establecido
[2022-07-05T11:11:29.582] [WARN] warningArchivo - Ruta /options/env.js y Metodo GET no establecido
[2022-07-05T11:11:38.496] [WARN] warningArchivo - Ruta /public/index.js y Metodo GET no establecido
[2022-07-05T11:13:34.152] [WARN] warningArchivo - Ruta /options/env.js y Metodo GET no establecido
[2022-07-05T11:13:40.923] [WARN] warningArchivo - Ruta /public/index.js y Metodo GET no establecido
[2022-07-05T11:13:50.124] [WARN] warningArchivo - Ruta /public/main.js y Metodo GET no establecido
[2022-07-05T11:14:02.292] [WARN] warningArchivo - Ruta /public/index.js y Metodo GET no establecido
[2022-07-05T11:14:58.990] [WARN] warningArchivo - Ruta /options/env.js y Metodo GET no establecido
[2022-07-05T11:15:03.358] [WARN] warningArchivo - Ruta /public/index.js y Metodo GET no establecido
[2022-07-05T11:17:33.168] [WARN] warningArchivo - Ruta /options/env.js y Metodo GET no establecido
[2022-07-05T11:46:31.500] [WARN] warningArchivo - Ruta /options/env.js y Metodo GET no establecido
[2022-07-05T11:47:35.343] [WARN] warningArchivo - Ruta /public/main.js y Metodo GET no establecido
[2022-07-05T11:47:43.677] [WARN] warningArchivo - Ruta /options/env.js y Metodo GET no establecido
[2022-07-05T11:49:30.806] [WARN] warningArchivo - Ruta /options/env.js y Metodo GET no establecido
[2022-07-05T11:50:35.279] [WARN] warningArchivo - Ruta /options/env.js y Metodo GET no establecido
[2022-07-05T11:56:43.421] [WARN] warningArchivo - Ruta /options/env.js y Metodo GET no establecido
[2022-07-05T11:57:51.676] [WARN] warningArchivo - Ruta /options/env.js y Metodo GET no establecido
[2022-07-05T11:59:18.758] [WARN] warningArchivo - Ruta /options/env.js y Metodo GET no establecido
[2022-07-05T12:00:50.824] [WARN] warningArchivo - Ruta /options/env.js y Metodo GET no establecido
[2022-07-05T12:09:03.052] [WARN] warningArchivo - Ruta /options/env.js y Metodo GET no establecido
[2022-07-05T12:12:18.669] [WARN] warningArchivo - Ruta /options/env.js y Metodo GET no establecido
[2022-07-05T12:15:04.860] [WARN] warningArchivo - Ruta /options/env.js y Metodo GET no establecido
[2022-07-05T12:15:50.219] [WARN] warningArchivo - Ruta /options/env.js y Metodo GET no establecido
[2022-07-05T12:17:03.558] [WARN] warningArchivo - Ruta /options/env.js y Metodo GET no establecido
[2022-07-05T12:57:05.943] [WARN] warningArchivo - Ruta /options/env.js y Metodo GET no establecido
[2022-07-05T12:58:34.964] [WARN] warningArchivo - Ruta /options/env.js y Metodo GET no establecido
[2022-07-05T13:01:20.276] [WARN] warningArchivo - Ruta /options/env.js y Metodo GET no establecido
[2022-07-05T13:01:51.758] [WARN] warningArchivo - Ruta /options/env.js y Metodo GET no establecido
[2022-07-05T13:13:16.322] [WARN] warningArchivo - Ruta /options/env.js y Metodo GET no establecido
[2022-07-05T14:45:34.514] [WARN] warningArchivo - Ruta /options/env.js y Metodo GET no establecido
[2022-07-05T15:22:07.473] [WARN] warningArchivo - Ruta /options/env.js y Metodo GET no establecido
[2022-07-05T15:33:23.490] [WARN] warningArchivo - Ruta /options/env.js y Metodo GET no establecido
[2022-07-05T15:50:28.575] [WARN] warningArchivo - Ruta /options/env.js y Metodo GET no establecido
[2022-07-05T15:50:46.212] [WARN] warningArchivo - Ruta /options/env.js y Metodo GET no establecido
[2022-07-05T15:51:10.150] [WARN] warningArchivo - Ruta /options/env.js y Metodo GET no establecido
[2022-07-05T17:07:06.517] [WARN] warningArchivo - Ruta /options/env.js y Metodo GET no establecido
[2022-07-05T18:47:51.775] [WARN] warningArchivo - Ruta /options/env.js y Metodo GET no establecido
[2022-07-05T21:14:55.385] [WARN] warningArchivo - Ruta /options/env.js y Metodo GET no establecido
[2022-07-05T21:53:29.744] [WARN] warningArchivo - Ruta /favicon.ico y Metodo GET no establecido
[2022-07-05T22:56:19.330] [WARN] warningArchivo - Ruta /options/env.js y Metodo GET no establecido
[2022-07-06T10:53:09.519] [WARN] warningArchivo - Ruta /favicon.ico y Metodo GET no establecido
[2022-07-06T10:53:11.213] [WARN] warningArchivo - Ruta /options/env.js y Metodo GET no establecido
[2022-07-06T10:53:14.400] [WARN] warningArchivo - user desn't exist
[2022-07-06T10:53:14.489] [WARN] warningArchivo - Ruta /options/env.js y Metodo GET no establecido
[2022-07-06T10:53:20.052] [WARN] warningArchivo - user desn't exist
[2022-07-06T10:53:20.112] [WARN] warningArchivo - Ruta /options/env.js y Metodo GET no establecido
[2022-07-06T10:54:28.604] [WARN] warningArchivo - Ruta /options/env.js y Metodo GET no establecido
[2022-07-06T10:54:31.942] [WARN] warningArchivo - user desn't exist
[2022-07-06T10:54:32.004] [WARN] warningArchivo - Ruta /options/env.js y Metodo GET no establecido
[2022-07-06T11:02:00.681] [WARN] warningArchivo - Ruta /options/env.js y Metodo GET no establecido
[2022-07-06T11:02:14.018] [WARN] warningArchivo - Ruta /options/env.js y Metodo GET no establecido
[2022-07-06T11:03:04.417] [WARN] warningArchivo - Ruta /public/main.js y Metodo GET no establecido
[2022-07-06T11:03:32.479] [WARN] warningArchivo - Ruta /public/main.js y Metodo GET no establecido
[2022-07-06T11:03:35.648] [WARN] warningArchivo - Ruta /public/main.js y Metodo GET no establecido
[2022-07-06T11:13:38.528] [WARN] warningArchivo - Ruta /options/env.js y Metodo GET no establecido
[2022-07-07T09:27:03.760] [WARN] warningArchivo - Ruta /favicon.ico y Metodo GET no establecido
[2022-07-07T09:39:42.117] [WARN] warningArchivo - Ruta /options/env.js y Metodo GET no establecido
[2022-07-07T09:39:56.523] [WARN] warningArchivo - Ruta /logout y Metodo GET no establecido
[2022-07-07T09:40:17.333] [WARN] warningArchivo - Ruta /logout y Metodo GET no establecido
[2022-07-07T09:46:01.233] [WARN] warningArchivo - Ruta /options/env.js y Metodo GET no establecido
[2022-07-07T09:46:04.718] [WARN] warningArchivo - Ruta /login y Metodo POST no establecido
[2022-07-07T09:48:58.125] [WARN] warningArchivo - Ruta /options/env.js y Metodo GET no establecido
[2022-07-07T09:49:19.804] [WARN] warningArchivo - Ruta /login y Metodo POST no establecido
[2022-07-07T09:51:27.463] [WARN] warningArchivo - Ruta /login y Metodo POST no establecido
[2022-07-07T09:51:33.631] [WARN] warningArchivo - Ruta /options/env.js y Metodo GET no establecido
[2022-07-07T09:51:39.216] [WARN] warningArchivo - Ruta /login y Metodo POST no establecido
[2022-07-07T09:51:52.850] [WARN] warningArchivo - Ruta /login y Metodo POST no establecido
[2022-07-07T09:52:00.942] [WARN] warningArchivo - Ruta /options/env.js y Metodo GET no establecido
[2022-07-07T09:52:04.351] [WARN] warningArchivo - Ruta /login y Metodo POST no establecido
[2022-07-07T09:57:20.226] [WARN] warningArchivo - Ruta /options/env.js y Metodo GET no establecido
[2022-07-07T09:58:23.696] [WARN] warningArchivo - Ruta /public/main.js y Metodo GET no establecido
[2022-07-07T10:00:33.903] [WARN] warningArchivo - Ruta /options/env.js y Metodo GET no establecido
[2022-07-07T11:54:06.829] [WARN] warningArchivo - Ruta /options/env.js y Metodo GET no establecido
[2022-07-07T12:01:03.242] [WARN] warningArchivo - Ruta /options/env.js y Metodo GET no establecido
[2022-07-07T12:22:04.361] [WARN] warningArchivo - Ruta /options/env.js y Metodo GET no establecido
[2022-07-07T12:24:27.385] [WARN] warningArchivo - Ruta /options/env.js y Metodo GET no establecido
[2022-07-07T13:00:18.616] [WARN] warningArchivo - Ruta /options/env.js y Metodo GET no establecido
[2022-07-07T13:00:23.639] [WARN] warningArchivo - Ruta /options/env.js y Metodo GET no establecido
[2022-07-07T15:50:31.346] [WARN] warningArchivo - Ruta /options/env.js y Metodo GET no establecido
[2022-07-07T15:52:51.259] [WARN] warningArchivo - Ruta /options/env.js y Metodo GET no establecido
[2022-07-07T15:53:11.325] [WARN] warningArchivo - Ruta /options/env.js y Metodo GET no establecido
[2022-07-07T16:05:21.692] [WARN] warningArchivo - Ruta /options/env.js y Metodo GET no establecido
[2022-07-07T16:12:20.113] [WARN] warningArchivo - Ruta /options/env.js y Metodo GET no establecido
[2022-07-07T16:17:39.661] [WARN] warningArchivo - Ruta /options/env.js y Metodo GET no establecido
[2022-07-07T16:43:13.925] [WARN] warningArchivo - Ruta /options/env.js y Metodo GET no establecido
[2022-07-07T17:32:44.577] [WARN] warningArchivo - Ruta /options/env.js y Metodo GET no establecido
[2022-07-07T17:32:54.698] [WARN] warningArchivo - Ruta /options/env.js y Metodo GET no establecido
[2022-07-07T17:34:47.553] [WARN] warningArchivo - Ruta /options/env.js y Metodo GET no establecido
[2022-07-07T17:37:20.599] [WARN] warningArchivo - Ruta /options/env.js y Metodo GET no establecido
[2022-07-07T17:39:25.166] [WARN] warningArchivo - Ruta /options/env.js y Metodo GET no establecido
[2022-07-07T17:40:18.362] [WARN] warningArchivo - Ruta /options/env.js y Metodo GET no establecido
[2022-07-07T17:42:31.585] [WARN] warningArchivo - Ruta /options/env.js y Metodo GET no establecido
[2022-07-07T17:43:50.444] [WARN] warningArchivo - Ruta /options/env.js y Metodo GET no establecido
[2022-07-07T17:44:02.680] [WARN] warningArchivo - Ruta /options/env.js y Metodo GET no establecido
[2022-07-07T17:44:26.432] [WARN] warningArchivo - Ruta /options/env.js y Metodo GET no establecido
[2022-07-07T19:26:48.591] [WARN] warningArchivo - Ruta /options/env.js y Metodo GET no establecido
[2022-07-07T19:26:59.889] [WARN] warningArchivo - Ruta /options/env.js y Metodo GET no establecido
[2022-07-07T19:58:15.792] [WARN] warningArchivo - Ruta /options/env.js y Metodo GET no establecido
[2022-07-07T20:02:09.557] [WARN] warningArchivo - Ruta /options/env.js y Metodo GET no establecido
[2022-07-07T20:03:12.754] [WARN] warningArchivo - Ruta /options/env.js y Metodo GET no establecido
[2022-07-07T20:03:23.953] [WARN] warningArchivo - Ruta /options/env.js y Metodo GET no establecido
[2022-07-07T20:11:16.427] [WARN] warningArchivo - Ruta /options/env.js y Metodo GET no establecido
[2022-07-07T20:12:12.310] [WARN] warningArchivo - Ruta /options/env.js y Metodo GET no establecido
[2022-07-07T20:28:38.578] [WARN] warningArchivo - Ruta /options/env.js y Metodo GET no establecido
[2022-07-08T09:49:20.125] [WARN] warningArchivo - Ruta /favicon.ico y Metodo GET no establecido
[2022-07-08T09:52:30.428] [WARN] warningArchivo - Ruta /options/env.js y Metodo GET no establecido
[2022-07-08T09:54:43.160] [WARN] warningArchivo - Ruta /options/env.js y Metodo GET no establecido
[2022-07-08T10:40:10.866] [WARN] warningArchivo - Ruta /options/env.js y Metodo GET no establecido
[2022-07-08T16:09:51.226] [WARN] warningArchivo - Ruta /favicon.ico y Metodo GET no establecido
[2022-07-08T16:09:54.577] [WARN] warningArchivo - Ruta /options/env.js y Metodo GET no establecido
[2022-07-08T18:20:26.841] [WARN] warningArchivo - Ruta /options/env.js y Metodo GET no establecido
[2022-07-10T09:59:30.707] [WARN] warningArchivo - Ruta /favicon.ico y Metodo GET no establecido
[2022-07-10T09:59:32.098] [WARN] warningArchivo - Ruta /options/env.js y Metodo GET no establecido
[2022-07-10T10:34:46.619] [WARN] warningArchivo - Ruta /options/env.js y Metodo GET no establecido
[2022-07-10T11:11:19.968] [WARN] warningArchivo - Ruta /options/env.js y Metodo GET no establecido
[2022-07-10T11:20:49.460] [WARN] warningArchivo - Ruta /options/env.js y Metodo GET no establecido
[2022-07-10T22:48:02.305] [WARN] warningArchivo - Ruta /options/env.js y Metodo GET no establecido
[2022-07-10T23:15:31.164] [WARN] warningArchivo - Ruta /options/env.js y Metodo GET no establecido
[2022-07-11T10:32:19.761] [WARN] warningArchivo - Ruta /favicon.ico y Metodo GET no establecido
[2022-07-11T10:33:43.079] [WARN] warningArchivo - Ruta /options/env.js y Metodo GET no establecido
[2022-07-11T14:48:45.916] [WARN] warningArchivo - Ruta /options/env.js y Metodo GET no establecido
[2022-07-11T14:56:59.812] [WARN] warningArchivo - Ruta /options/env.js y Metodo GET no establecido
[2022-07-11T15:30:46.934] [WARN] warningArchivo - Ruta /options/env.js y Metodo GET no establecido
[2022-07-11T21:23:12.138] [WARN] warningArchivo - Ruta /options/env.js y Metodo GET no establecido
[2022-07-12T16:00:47.484] [WARN] warningArchivo - Ruta /favicon.ico y Metodo GET no establecido
[2022-07-12T16:00:50.362] [WARN] warningArchivo - Ruta /options/env.js y Metodo GET no establecido
[2022-07-12T16:06:41.272] [WARN] warningArchivo - Ruta /options/env.js y Metodo GET no establecido
[2022-07-13T12:54:04.846] [WARN] warningArchivo - Ruta /options/env.js y Metodo GET no establecido
[2022-07-13T14:10:20.486] [WARN] warningArchivo - Ruta /options/env.js y Metodo GET no establecido
[2022-07-14T00:10:27.484] [WARN] warningArchivo - Ruta /options/env.js y Metodo GET no establecido
[2022-07-14T00:31:29.382] [WARN] warningArchivo - Ruta /options/env.js y Metodo GET no establecido
[2022-07-14T09:38:39.212] [WARN] warningArchivo - Ruta /favicon.ico y Metodo GET no establecido
[2022-07-14T09:48:17.479] [WARN] warningArchivo - Ruta /options/env.js y Metodo GET no establecido
[2022-07-14T09:48:34.560] [WARN] warningArchivo - Ruta /options/env.js y Metodo GET no establecido
[2022-07-14T10:46:27.974] [WARN] warningArchivo - Ruta /options/env.js y Metodo GET no establecido
[2022-07-14T16:05:48.193] [WARN] warningArchivo - Ruta /options/env.js y Metodo GET no establecido
[2022-07-14T16:26:30.826] [WARN] warningArchivo - Ruta /HNAP1/ y Metodo GET no establecido
[2022-07-14T18:22:54.471] [WARN] warningArchivo - Ruta /options/env.js y Metodo GET no establecido
[2022-07-18T10:55:44.484] [WARN] warningArchivo - Ruta /favicon.ico y Metodo GET no establecido
[2022-07-18T10:55:45.854] [WARN] warningArchivo - Ruta /options/env.js y Metodo GET no establecido
[2022-07-18T11:25:12.254] [WARN] warningArchivo - Ruta /options/env.js y Metodo GET no establecido
[2022-07-18T11:25:39.861] [WARN] warningArchivo - Ruta /options/env.js y Metodo GET no establecido
[2022-07-18T11:28:11.038] [WARN] warningArchivo - Ruta /options/env.js y Metodo GET no establecido
[2022-07-18T11:35:22.512] [WARN] warningArchivo - Ruta /options/env.js y Metodo GET no establecido
[2022-07-18T11:36:10.624] [WARN] warningArchivo - Ruta /options/env.js y Metodo GET no establecido
[2022-07-18T11:39:02.934] [WARN] warningArchivo - Ruta /options/env.js y Metodo GET no establecido
[2022-07-18T17:05:58.773] [WARN] warningArchivo - Ruta /HNAP1/ y Metodo GET no establecido
[2022-08-14T20:48:18.434] [WARN] warningArchivo - Ruta /favicon.ico y Metodo GET no establecido
[2022-08-14T20:48:21.073] [WARN] warningArchivo - Ruta /options/env.js y Metodo GET no establecido
[2022-08-14T20:48:29.977] [WARN] warningArchivo - Ruta /public/main.js y Metodo GET no establecido
[2022-08-14T20:50:20.252] [WARN] warningArchivo - Ruta /public/main.js y Metodo GET no establecido
[2022-08-14T20:50:38.775] [WARN] warningArchivo - Ruta /public/main.js y Metodo GET no establecido
[2022-08-14T20:52:59.811] [WARN] warningArchivo - Ruta /public/main.js y Metodo GET no establecido
[2022-08-14T20:53:23.809] [WARN] warningArchivo - Ruta /public/main.js y Metodo GET no establecido
[2022-08-14T20:53:53.364] [WARN] warningArchivo - Ruta /public/main.js y Metodo GET no establecido
[2022-08-14T20:53:58.115] [WARN] warningArchivo - Ruta /public/main.js y Metodo GET no establecido
[2022-08-14T20:54:48.553] [WARN] warningArchivo - Ruta /public/main.js y Metodo GET no establecido
[2022-08-14T20:55:21.959] [WARN] warningArchivo - Ruta /public/main.js y Metodo GET no establecido
[2022-08-14T20:55:32.556] [WARN] warningArchivo - Ruta /public/main.js y Metodo GET no establecido
[2022-08-14T20:55:36.810] [WARN] warningArchivo - Ruta /public/main.js y Metodo GET no establecido
[2022-08-14T20:59:45.576] [WARN] warningArchivo - Ruta /options/env.js y Metodo GET no establecido
[2022-08-14T21:00:13.399] [WARN] warningArchivo - Ruta /public/main.js y Metodo GET no establecido
[2022-08-14T21:00:17.712] [WARN] warningArchivo - Ruta /public/main.js y Metodo GET no establecido
[2022-08-14T21:01:00.860] [WARN] warningArchivo - Ruta /public/main.js y Metodo GET no establecido
[2022-08-14T21:01:52.998] [WARN] warningArchivo - Ruta /public/main.js y Metodo GET no establecido
[2022-08-14T21:01:55.898] [WARN] warningArchivo - Ruta /public/main.js y Metodo GET no establecido
[2022-08-14T21:02:20.219] [WARN] warningArchivo - Ruta /public/main.js y Metodo GET no establecido
[2022-08-14T21:02:56.616] [WARN] warningArchivo - Ruta /public/main.js y Metodo GET no establecido
[2022-08-14T21:04:25.652] [WARN] warningArchivo - Ruta /public/main.js y Metodo GET no establecido
[2022-08-14T21:04:44.182] [WARN] warningArchivo - Ruta /public/main.js y Metodo GET no establecido
[2022-08-14T21:04:48.794] [WARN] warningArchivo - Ruta /public/main.js y Metodo GET no establecido
[2022-08-14T21:05:18.215] [WARN] warningArchivo - Ruta /public/main.js y Metodo GET no establecido
[2022-08-14T21:05:54.840] [WARN] warningArchivo - Ruta /public/main.js y Metodo GET no establecido
[2022-08-14T21:05:58.126] [WARN] warningArchivo - Ruta /public/main.js y Metodo GET no establecido
[2022-08-14T21:08:47.005] [WARN] warningArchivo - Ruta /public/main.js y Metodo GET no establecido
[2022-08-14T21:09:37.793] [WARN] warningArchivo - Ruta /src/public/main.js y Metodo GET no establecido
[2022-08-14T21:23:14.687] [WARN] warningArchivo - Ruta /public/main.js y Metodo GET no establecido
[2022-08-14T21:23:18.721] [WARN] warningArchivo - Ruta /public/main.js y Metodo GET no establecido
[2022-08-14T22:53:18.908] [WARN] warningArchivo - Ruta /options/env.js y Metodo GET no establecido
[2022-08-15T18:48:08.524] [WARN] warningArchivo - Ruta /favicon.ico y Metodo GET no establecido
[2022-08-15T18:48:09.778] [WARN] warningArchivo - Ruta /options/env.js y Metodo GET no establecido
[2022-08-15T18:53:33.722] [WARN] warningArchivo - Ruta /options/env.js y Metodo GET no establecido
[2022-08-15T18:57:23.957] [WARN] warningArchivo - Ruta /options/env.js y Metodo GET no establecido
[2022-08-15T20:26:49.455] [WARN] warningArchivo - Ruta /HNAP1/ y Metodo GET no establecido
[2022-08-15T20:34:38.409] [WARN] warningArchivo - Ruta /productos/[object%20Object] y Metodo DELETE no establecido
[2022-08-15T20:37:41.649] [WARN] warningArchivo - Ruta /options/env.js y Metodo GET no establecido
[2022-08-15T22:11:45.988] [WARN] warningArchivo - Ruta /options/env.js y Metodo GET no establecido
[2022-08-15T22:13:33.946] [WARN] warningArchivo - Ruta /options/env.js y Metodo GET no establecido
[2022-08-15T22:22:52.355] [WARN] warningArchivo - Ruta /options/env.js y Metodo GET no establecido
[2022-08-15T22:55:11.817] [WARN] warningArchivo - Ruta /options/env.js y Metodo GET no establecido
[2022-08-20T18:56:37.936] [WARN] warningArchivo - Ruta /favicon.ico y Metodo GET no establecido
[2022-08-20T18:56:40.062] [WARN] warningArchivo - Ruta /options/env.js y Metodo GET no establecido
[2022-08-20T19:18:00.675] [WARN] warningArchivo - Ruta /options/env.js y Metodo GET no establecido
[2022-08-23T15:49:36.102] [WARN] warningArchivo - Ruta /favicon.ico y Metodo GET no establecido
[2022-08-23T15:49:37.602] [WARN] warningArchivo - Ruta /options/env.js y Metodo GET no establecido
[2022-08-23T15:49:42.015] [WARN] warningArchivo - Ruta /socket.io/socket.io.js y Metodo GET no establecido
[2022-08-23T15:49:50.422] [WARN] warningArchivo - Ruta /socket.io/socket.io.js y Metodo GET no establecido
[2022-08-23T15:49:55.353] [WARN] warningArchivo - Ruta /socket.io/socket.io.js y Metodo GET no establecido
[2022-08-23T16:07:13.497] [WARN] warningArchivo - Ruta /carrito/el10go23@hotmail.com y Metodo POST no establecido
[2022-08-23T16:07:16.678] [WARN] warningArchivo - Ruta /carrito/el10go23@hotmail.com y Metodo POST no establecido
[2022-08-23T16:09:31.683] [WARN] warningArchivo - Ruta /options/env.js y Metodo GET no establecido
[2022-08-28T17:13:34.356] [WARN] warningArchivo - Ruta /favicon.ico y Metodo GET no establecido
[2022-08-28T17:13:36.356] [WARN] warningArchivo - Ruta /options/env.js y Metodo GET no establecido
[2022-08-28T17:15:07.498] [WARN] warningArchivo - Ruta /options/env.js y Metodo GET no establecido
[2022-08-28T17:16:15.641] [WARN] warningArchivo - Ruta /options/env.js y Metodo GET no establecido
[2022-08-28T21:56:41.371] [WARN] warningArchivo - Ruta /options/env.js y Metodo GET no establecido
[2022-08-28T21:56:44.909] [WARN] warningArchivo - user desn't exist
[2022-08-28T22:00:02.066] [WARN] warningArchivo - Ruta /options/env.js y Metodo GET no establecido
[2022-08-28T22:00:11.430] [WARN] warningArchivo - user desn't exist
[2022-08-28T22:02:22.246] [WARN] warningArchivo - Ruta /options/env.js y Metodo GET no establecido
[2022-08-28T22:02:25.736] [WARN] warningArchivo - user desn't exist
[2022-08-28T22:03:20.243] [WARN] warningArchivo - Ruta /options/env.js y Metodo GET no establecido
[2022-08-28T22:03:23.635] [WARN] warningArchivo - user desn't exist
[2022-08-28T22:06:04.500] [WARN] warningArchivo - Ruta /options/env.js y Metodo GET no establecido
[2022-08-28T22:06:08.180] [WARN] warningArchivo - user desn't exist
[2022-08-28T22:06:46.642] [WARN] warningArchivo - Ruta /options/env.js y Metodo GET no establecido
[2022-08-28T22:06:50.261] [WARN] warningArchivo - user desn't exist
[2022-08-28T22:07:18.931] [WARN] warningArchivo - Ruta /options/env.js y Metodo GET no establecido
[2022-08-28T22:10:56.414] [WARN] warningArchivo - Ruta /options/env.js y Metodo GET no establecido
[2022-08-28T22:15:28.951] [WARN] warningArchivo - Ruta /options/env.js y Metodo GET no establecido
[2022-08-28T23:44:18.135] [WARN] warningArchivo - Ruta /options/env.js y Metodo GET no establecido
[2022-08-28T23:47:37.344] [WARN] warningArchivo - Ruta /login y Metodo POST no establecido
[2022-08-28T23:47:57.035] [WARN] warningArchivo - Ruta /options/env.js y Metodo GET no establecido
[2022-08-28T23:48:00.586] [WARN] warningArchivo - Ruta /login y Metodo POST no establecido
[2022-08-28T23:48:59.647] [WARN] warningArchivo - Ruta /options/env.js y Metodo GET no establecido
[2022-08-28T23:49:31.922] [WARN] warningArchivo - Ruta /options/env.js y Metodo GET no establecido
[2022-08-28T23:50:09.421] [WARN] warningArchivo - Ruta /options/env.js y Metodo GET no establecido
[2022-08-28T23:54:08.087] [WARN] warningArchivo - Ruta /options/env.js y Metodo GET no establecido
[2022-08-28T23:54:39.961] [WARN] warningArchivo - Ruta /options/env.js y Metodo GET no establecido
[2022-08-28T23:56:25.768] [WARN] warningArchivo - Ruta /options/env.js y Metodo GET no establecido
[2022-08-28T23:59:20.414] [WARN] warningArchivo - Ruta /options/env.js y Metodo GET no establecido
[2022-08-29T00:00:22.649] [WARN] warningArchivo - Ruta /options/env.js y Metodo GET no establecido
[2022-08-29T00:01:31.115] [WARN] warningArchivo - Ruta /options/env.js y Metodo GET no establecido
[2022-08-29T00:03:44.316] [WARN] warningArchivo - Ruta /options/env.js y Metodo GET no establecido
[2022-08-29T00:04:44.980] [WARN] warningArchivo - Ruta /options/env.js y Metodo GET no establecido
[2022-08-29T00:59:29.675] [WARN] warningArchivo - Ruta /options/env.js y Metodo GET no establecido
[2022-08-29T01:05:07.270] [WARN] warningArchivo - Ruta /options/env.js y Metodo GET no establecido
[2022-08-29T01:05:49.141] [WARN] warningArchivo - Ruta /options/env.js y Metodo GET no establecido
[2022-08-29T01:06:35.908] [WARN] warningArchivo - Ruta /options/env.js y Metodo GET no establecido
[2022-08-29T01:07:17.829] [WARN] warningArchivo - Ruta /HNAP1/ y Metodo GET no establecido
[2022-08-29T01:08:07.530] [WARN] warningArchivo - Ruta /options/env.js y Metodo GET no establecido
[2022-08-29T01:10:02.748] [WARN] warningArchivo - Ruta /options/env.js y Metodo GET no establecido
[2022-08-29T01:10:40.651] [WARN] warningArchivo - Ruta /options/env.js y Metodo GET no establecido
[2022-08-29T01:17:17.926] [WARN] warningArchivo - Ruta /options/env.js y Metodo GET no establecido
[2022-08-29T01:26:06.176] [WARN] warningArchivo - Ruta /options/env.js y Metodo GET no establecido
[2022-08-29T01:28:42.439] [WARN] warningArchivo - Ruta /options/env.js y Metodo GET no establecido
[2022-08-30T19:58:09.714] [WARN] warningArchivo - Ruta /favicon.ico y Metodo GET no establecido
[2022-08-30T19:58:11.556] [WARN] warningArchivo - Ruta /options/env.js y Metodo GET no establecido
[2022-08-30T19:58:51.485] [WARN] warningArchivo - Ruta /chat y Metodo GET no establecido
[2022-08-30T19:59:49.864] [WARN] warningArchivo - Ruta /chat y Metodo GET no establecido
[2022-08-30T21:10:13.110] [WARN] warningArchivo - Ruta /options/env.js y Metodo GET no establecido
[2022-08-31T18:57:53.610] [WARN] warningArchivo - Ruta /favicon.ico y Metodo GET no establecido
[2022-08-31T18:57:56.116] [WARN] warningArchivo - Ruta /options/env.js y Metodo GET no establecido
[2022-08-31T19:03:50.288] [WARN] warningArchivo - Ruta /options/env.js y Metodo GET no establecido
[2022-08-31T19:19:09.680] [WARN] warningArchivo - Ruta /options/env.js y Metodo GET no establecido
[2022-08-31T19:20:16.161] [WARN] warningArchivo - Ruta /options/env.js y Metodo GET no establecido
[2022-08-31T19:21:40.000] [WARN] warningArchivo - Ruta /options/env.js y Metodo GET no establecido
[2022-08-31T19:21:44.605] [WARN] warningArchivo - user desn't exist
[2022-08-31T19:21:44.768] [WARN] warningArchivo - Ruta /options/env.js y Metodo GET no establecido
[2022-08-31T22:17:24.298] [WARN] warningArchivo - Ruta /options/env.js y Metodo GET no establecido
[2022-08-31T22:18:48.840] [WARN] warningArchivo - Ruta /options/env.js y Metodo GET no establecido
[2022-08-31T22:25:03.357] [WARN] warningArchivo - Ruta /options/env.js y Metodo GET no establecido
[2022-08-31T22:51:06.298] [WARN] warningArchivo - Ruta /options/env.js y Metodo GET no establecido
[2022-08-31T22:52:03.445] [WARN] warningArchivo - Ruta /options/env.js y Metodo GET no establecido
[2022-08-31T22:54:44.533] [WARN] warningArchivo - Ruta /options/env.js y Metodo GET no establecido
[2022-08-31T23:03:21.896] [WARN] warningArchivo - Ruta /options/env.js y Metodo GET no establecido
[2022-08-31T23:04:14.157] [WARN] warningArchivo - Ruta /options/env.js y Metodo GET no establecido
[2022-08-31T23:04:56.089] [WARN] warningArchivo - Ruta /options/env.js y Metodo GET no establecido
[2022-08-31T23:06:00.269] [WARN] warningArchivo - Ruta /options/env.js y Metodo GET no establecido
[2022-08-31T23:06:42.048] [WARN] warningArchivo - Ruta /options/env.js y Metodo GET no establecido
[2022-08-31T23:08:14.178] [WARN] warningArchivo - Ruta /options/env.js y Metodo GET no establecido
[2022-08-31T23:08:37.628] [WARN] warningArchivo - Ruta /options/env.js y Metodo GET no establecido
[2022-08-31T23:09:19.885] [WARN] warningArchivo - Ruta /options/env.js y Metodo GET no establecido
[2022-08-31T23:10:03.547] [WARN] warningArchivo - Ruta /options/env.js y Metodo GET no establecido
[2022-09-01T19:07:55.919] [WARN] warningArchivo - Ruta /options/env.js y Metodo GET no establecido
[2022-09-01T19:07:56.070] [WARN] warningArchivo - Ruta /favicon.ico y Metodo GET no establecido
[2022-09-01T19:23:26.356] [WARN] warningArchivo - Ruta /options/env.js y Metodo GET no establecido
[2022-09-01T19:24:16.464] [WARN] warningArchivo - Ruta /options/env.js y Metodo GET no establecido
[2022-09-01T19:26:27.269] [WARN] warningArchivo - Ruta /options/env.js y Metodo GET no establecido
[2022-09-01T19:31:46.235] [WARN] warningArchivo - Ruta /options/env.js y Metodo GET no establecido
[2022-09-01T19:31:48.136] [WARN] warningArchivo - Ruta /options/env.js y Metodo GET no establecido
[2022-09-01T19:31:57.689] [WARN] warningArchivo - Ruta /options/env.js y Metodo GET no establecido
[2022-09-01T19:38:03.546] [WARN] warningArchivo - Ruta /options/env.js y Metodo GET no establecido
[2022-09-01T19:47:44.815] [WARN] warningArchivo - Ruta /options/env.js y Metodo GET no establecido
[2022-09-01T19:47:54.902] [WARN] warningArchivo - Ruta /options/env.js y Metodo GET no establecido
[2022-09-01T19:47:57.552] [WARN] warningArchivo - Ruta /options/env.js y Metodo GET no establecido
[2022-09-01T19:49:14.945] [WARN] warningArchivo - Ruta /options/env.js y Metodo GET no establecido
[2022-09-01T19:49:27.078] [WARN] warningArchivo - Ruta /options/env.js y Metodo GET no establecido
[2022-09-01T19:50:43.864] [WARN] warningArchivo - Ruta /options/env.js y Metodo GET no establecido
[2022-09-01T19:56:13.505] [WARN] warningArchivo - Ruta /options/env.js y Metodo GET no establecido
[2022-09-01T20:03:58.105] [WARN] warningArchivo - Ruta /options/env.js y Metodo GET no establecido
[2022-09-01T20:04:04.343] [WARN] warningArchivo - Ruta /options/env.js y Metodo GET no establecido
[2022-09-01T20:05:33.381] [WARN] warningArchivo - Ruta /options/env.js y Metodo GET no establecido
[2022-09-01T20:05:43.611] [WARN] warningArchivo - Ruta /options/env.js y Metodo GET no establecido
[2022-09-01T20:22:50.313] [WARN] warningArchivo - Ruta /options/env.js y Metodo GET no establecido
[2022-09-01T20:24:28.177] [WARN] warningArchivo - Ruta /options/env.js y Metodo GET no establecido
[2022-09-01T20:25:30.832] [WARN] warningArchivo - Ruta /options/env.js y Metodo GET no establecido
[2022-09-01T20:25:36.214] [WARN] warningArchivo - bad password
[2022-09-01T20:25:36.391] [WARN] warningArchivo - Ruta /options/env.js y Metodo GET no establecido
[2022-09-01T20:38:51.043] [WARN] warningArchivo - Ruta /options/env.js y Metodo GET no establecido
[2022-09-01T20:40:27.186] [WARN] warningArchivo - Ruta /options/env.js y Metodo GET no establecido
[2022-09-01T20:42:34.459] [WARN] warningArchivo - Ruta /options/env.js y Metodo GET no establecido
[2022-09-01T20:43:38.508] [WARN] warningArchivo - Ruta /options/env.js y Metodo GET no establecido
[2022-09-01T20:46:32.197] [WARN] warningArchivo - Ruta /options/env.js y Metodo GET no establecido
[2022-09-01T20:53:52.765] [WARN] warningArchivo - Ruta /options/env.js y Metodo GET no establecido
[2022-09-01T20:54:00.107] [WARN] warningArchivo - Ruta /options/env.js y Metodo GET no establecido
[2022-09-01T20:54:12.055] [WARN] warningArchivo - Ruta /options/env.js y Metodo GET no establecido
[2022-09-01T20:56:49.078] [WARN] warningArchivo - Ruta /options/env.js y Metodo GET no establecido
[2022-09-01T20:58:38.550] [WARN] warningArchivo - Ruta /options/env.js y Metodo GET no establecido
[2022-09-01T20:59:35.264] [WARN] warningArchivo - Ruta /options/env.js y Metodo GET no establecido
[2022-09-01T21:00:32.393] [WARN] warningArchivo - Ruta /options/env.js y Metodo GET no establecido
[2022-09-01T21:00:47.704] [WARN] warningArchivo - Ruta /options/env.js y Metodo GET no establecido
[2022-09-01T21:20:58.615] [WARN] warningArchivo - Ruta /options/env.js y Metodo GET no establecido
[2022-09-01T21:22:03.253] [WARN] warningArchivo - Ruta /options/env.js y Metodo GET no establecido
[2022-09-01T21:25:44.359] [WARN] warningArchivo - Ruta /options/env.js y Metodo GET no establecido
[2022-09-01T21:26:21.885] [WARN] warningArchivo - Ruta /options/env.js y Metodo GET no establecido
[2022-09-01T21:37:37.498] [WARN] warningArchivo - Ruta /options/env.js y Metodo GET no establecido
[2022-09-01T22:04:22.926] [WARN] warningArchivo - Ruta /options/env.js y Metodo GET no establecido
[2022-09-01T23:55:22.232] [WARN] warningArchivo - Ruta /options/env.js y Metodo GET no establecido
